<?xml version="1.0" encoding="UTF-8"?>
<!-- Generated by org.testng.reporters.JUnitReportReporter -->
<testsuite hostname="DESKTOP-DOIJSPR" failures="0" tests="4" name="UsersTest" time="6.237" errors="0" timestamp="2024-12-06T18:19:13 IST" skipped="0">
  <testcase classname="UsersTest" name="getUsersList" time="0.531"/>
  <testcase classname="UsersTest" name="deletingExistingUser" time="0.792"/>
  <testcase classname="UsersTest" name="getParticulatUser" time="1.804"/>
  <testcase classname="UsersTest" name="creatingNewUser" time="3.110"/>
</testsuite> <!-- UsersTest -->
