<?xml version="1.0" encoding="UTF-8"?>
<!-- Generated by org.testng.reporters.JUnitReportReporter -->
<testsuite hostname="DESKTOP-DOIJSPR" failures="0" tests="4" name="UsersTest2" time="6.424" errors="0" timestamp="2024-12-06T18:16:05 IST" skipped="0">
  <testcase classname="UsersTest2" name="getParticulatUser" time="1.731"/>
  <testcase classname="UsersTest2" name="getUsersList" time="0.732"/>
  <testcase classname="UsersTest2" name="deletingExistingUser" time="0.748"/>
  <testcase classname="UsersTest2" name="creatingNewUser" time="3.213"/>
</testsuite> <!-- UsersTest2 -->
